# JRE version: OpenJDK Runtime Environment (8.0_212-b04) (build 1.8.0_212-release-1586-b04)
# Java VM: OpenJDK 64-Bit Server VM (25.212-b04 mixed mode windows-amd64 compressed oops)
Heap:
 PSYoungGen      total 378368K, used 88947K [0x00000000e0000000, 0x00000000ff500000, 0x0000000100000000)
  eden space 247808K, 29% used [0x00000000e0000000,0x00000000e4649450,0x00000000ef200000)
  from space 130560K, 13% used [0x00000000ef200000,0x00000000f0293808,0x00000000f7180000)
  to   space 124416K, 0% used [0x00000000f7b80000,0x00000000f7b80000,0x00000000ff500000)
 ParOldGen       total 832512K, used 715350K [0x00000000a0000000, 0x00000000d2d00000, 0x00000000e0000000)
  object space 832512K, 85% used [0x00000000a0000000,0x00000000cba958b8,0x00000000d2d00000)
 Metaspace       used 133330K, capacity 143821K, committed 159448K, reserved 1181696K
  class space    used 16518K, capacity 18354K, committed 26880K, reserved 1048576K
GC Heap History (10 events):
Event: 9796.714 GC heap before
{Heap before GC invocations=335 (full 20):
 PSYoungGen      total 352256K, used 221697K [0x00000000e0000000, 0x00000000ff480000, 0x0000000100000000)
  eden space 206336K, 100% used [0x00000000e0000000,0x00000000ec980000,0x00000000ec980000)
  from space 145920K, 10% used [0x00000000f6600000,0x00000000f7500698,0x00000000ff480000)
  to   space 153088K, 0% used [0x00000000ec980000,0x00000000ec980000,0x00000000f5f00000)
 ParOldGen       total 832512K, used 679082K [0x00000000a0000000, 0x00000000d2d00000, 0x00000000e0000000)
  object space 832512K, 81% used [0x00000000a0000000,0x00000000c972aad8,0x00000000d2d00000)
 Metaspace       used 132564K, capacity 142589K, committed 158552K, reserved 1181696K
  class space    used 16424K, capacity 18165K, committed 26752K, reserved 1048576K
Event: 9796.736 GC heap after
Heap after GC invocations=335 (full 20):
 PSYoungGen      total 359424K, used 10352K [0x00000000e0000000, 0x00000000fff00000, 0x0000000100000000)
  eden space 206336K, 0% used [0x00000000e0000000,0x00000000e0000000,0x00000000ec980000)
  from space 153088K, 6% used [0x00000000ec980000,0x00000000ed39c210,0x00000000f5f00000)
  to   space 148992K, 0% used [0x00000000f6d80000,0x00000000f6d80000,0x00000000fff00000)
 ParOldGen       total 832512K, used 692571K [0x00000000a0000000, 0x00000000d2d00000, 0x00000000e0000000)
  object space 832512K, 83% used [0x00000000a0000000,0x00000000ca456eb8,0x00000000d2d00000)
 Metaspace       used 132564K, capacity 142589K, committed 158552K, reserved 1181696K
  class space    used 16424K, capacity 18165K, committed 26752K, reserved 1048576K
}
Event: 10019.547 GC heap before
{Heap before GC invocations=336 (full 20):
 PSYoungGen      total 359424K, used 216688K [0x00000000e0000000, 0x00000000fff00000, 0x0000000100000000)
  eden space 206336K, 100% used [0x00000000e0000000,0x00000000ec980000,0x00000000ec980000)
  from space 153088K, 6% used [0x00000000ec980000,0x00000000ed39c210,0x00000000f5f00000)
  to   space 148992K, 0% used [0x00000000f6d80000,0x00000000f6d80000,0x00000000fff00000)
 ParOldGen       total 832512K, used 692571K [0x00000000a0000000, 0x00000000d2d00000, 0x00000000e0000000)
  object space 832512K, 83% used [0x00000000a0000000,0x00000000ca456eb8,0x00000000d2d00000)
 Metaspace       used 133131K, capacity 143575K, committed 159320K, reserved 1181696K
  class space    used 16502K, capacity 18335K, committed 26752K, reserved 1048576K
Event: 10019.581 GC heap after
Heap after GC invocations=336 (full 20):
 PSYoungGen      total 356864K, used 13376K [0x00000000e0000000, 0x00000000ff100000, 0x0000000100000000)
  eden space 222208K, 0% used [0x00000000e0000000,0x00000000e0000000,0x00000000ed900000)
  from space 134656K, 9% used [0x00000000f6d80000,0x00000000f7a90240,0x00000000ff100000)
  to   space 143360K, 0% used [0x00000000ed900000,0x00000000ed900000,0x00000000f6500000)
 ParOldGen       total 832512K, used 700607K [0x00000000a0000000, 0x00000000d2d00000, 0x00000000e0000000)
  object space 832512K, 84% used [0x00000000a0000000,0x00000000cac2ff78,0x00000000d2d00000)
 Metaspace       used 133131K, capacity 143575K, committed 159320K, reserved 1181696K
  class space    used 16502K, capacity 18335K, committed 26752K, reserved 1048576K
}
Event: 10020.571 GC heap before
{Heap before GC invocations=337 (full 20):
 PSYoungGen      total 356864K, used 235584K [0x00000000e0000000, 0x00000000ff100000, 0x0000000100000000)
  eden space 222208K, 100% used [0x00000000e0000000,0x00000000ed900000,0x00000000ed900000)
  from space 134656K, 9% used [0x00000000f6d80000,0x00000000f7a90240,0x00000000ff100000)
  to   space 143360K, 0% used [0x00000000ed900000,0x00000000ed900000,0x00000000f6500000)
 ParOldGen       total 832512K, used 700607K [0x00000000a0000000, 0x00000000d2d00000, 0x00000000e0000000)
  object space 832512K, 84% used [0x00000000a0000000,0x00000000cac2ff78,0x00000000d2d00000)
 Metaspace       used 133142K, capacity 143575K, committed 159320K, reserved 1181696K
  class space    used 16503K, capacity 18335K, committed 26752K, reserved 1048576K
Event: 10020.621 GC heap after
Heap after GC invocations=337 (full 20):
 PSYoungGen      total 365568K, used 40959K [0x00000000e0000000, 0x00000000ff480000, 0x0000000100000000)
  eden space 222208K, 0% used [0x00000000e0000000,0x00000000e0000000,0x00000000ed900000)
  from space 143360K, 28% used [0x00000000ed900000,0x00000000f00ffc18,0x00000000f6500000)
  to   space 133120K, 0% used [0x00000000f7280000,0x00000000f7280000,0x00000000ff480000)
 ParOldGen       total 832512K, used 712900K [0x00000000a0000000, 0x00000000d2d00000, 0x00000000e0000000)
  object space 832512K, 85% used [0x00000000a0000000,0x00000000cb831018,0x00000000d2d00000)
 Metaspace       used 133142K, capacity 143575K, committed 159320K, reserved 1181696K
  class space    used 16503K, capacity 18335K, committed 26752K, reserved 1048576K
}
Event: 10021.894 GC heap before
{Heap before GC invocations=338 (full 20):
 PSYoungGen      total 365568K, used 263167K [0x00000000e0000000, 0x00000000ff480000, 0x0000000100000000)
  eden space 222208K, 100% used [0x00000000e0000000,0x00000000ed900000,0x00000000ed900000)
  from space 143360K, 28% used [0x00000000ed900000,0x00000000f00ffc18,0x00000000f6500000)
  to   space 133120K, 0% used [0x00000000f7280000,0x00000000f7280000,0x00000000ff480000)
 ParOldGen       total 832512K, used 712900K [0x00000000a0000000, 0x00000000d2d00000, 0x00000000e0000000)
  object space 832512K, 85% used [0x00000000a0000000,0x00000000cb831018,0x00000000d2d00000)
 Metaspace       used 133208K, capacity 143617K, committed 159448K, reserved 1181696K
  class space    used 16507K, capacity 18342K, committed 26880K, reserved 1048576K
Event: 10021.901 GC heap after
Heap after GC invocations=338 (full 20):
 PSYoungGen      total 377344K, used 3101K [0x00000000e0000000, 0x00000000ff100000, 0x0000000100000000)
  eden space 247808K, 0% used [0x00000000e0000000,0x00000000e0000000,0x00000000ef200000)
  from space 129536K, 2% used [0x00000000f7280000,0x00000000f7587468,0x00000000ff100000)
  to   space 130560K, 0% used [0x00000000ef200000,0x00000000ef200000,0x00000000f7180000)
 ParOldGen       total 832512K, used 714501K [0x00000000a0000000, 0x00000000d2d00000, 0x00000000e0000000)
  object space 832512K, 85% used [0x00000000a0000000,0x00000000cb9c1588,0x00000000d2d00000)
 Metaspace       used 133208K, capacity 143617K, committed 159448K, reserved 1181696K
  class space    used 16507K, capacity 18342K, committed 26880K, reserved 1048576K
}
Event: 10024.967 GC heap before
{Heap before GC invocations=339 (full 20):
 PSYoungGen      total 377344K, used 250909K [0x00000000e0000000, 0x00000000ff100000, 0x0000000100000000)
  eden space 247808K, 100% used [0x00000000e0000000,0x00000000ef200000,0x00000000ef200000)
  from space 129536K, 2% used [0x00000000f7280000,0x00000000f7587468,0x00000000ff100000)
  to   space 130560K, 0% used [0x00000000ef200000,0x00000000ef200000,0x00000000f7180000)
 ParOldGen       total 832512K, used 714501K [0x00000000a0000000, 0x00000000d2d00000, 0x00000000e0000000)
  object space 832512K, 85% used [0x00000000a0000000,0x00000000cb9c1588,0x00000000d2d00000)
 Metaspace       used 133279K, capacity 143729K, committed 159448K, reserved 1181696K
  class space    used 16511K, capacity 18350K, committed 26880K, reserved 1048576K
Event: 10024.983 GC heap after
Heap after GC invocations=339 (full 20):
 PSYoungGen      total 378368K, used 16974K [0x00000000e0000000, 0x00000000ff500000, 0x0000000100000000)
  eden space 247808K, 0% used [0x00000000e0000000,0x00000000e0000000,0x00000000ef200000)
  from space 130560K, 13% used [0x00000000ef200000,0x00000000f0293808,0x00000000f7180000)
  to   space 124416K, 0% used [0x00000000f7b80000,0x00000000f7b80000,0x00000000ff500000)
 ParOldGen       total 832512K, used 715350K [0x00000000a0000000, 0x00000000d2d00000, 0x00000000e0000000)
  object space 832512K, 85% used [0x00000000a0000000,0x00000000cba958b8,0x00000000d2d00000)
 Metaspace       used 133279K, capacity 143729K, committed 159448K, reserved 1181696K
  class space    used 16511K, capacity 18350K, committed 26880K, reserved 1048576K
}

